============================================================
DFT-Driven N-Element MEAM Potential Pipeline
============================================================

[Stage 0] Element Selection via GUI
  Importing element_selector...
  Launching GUI...
Available pseudopotentials: ['Al', 'Au', 'B', 'C', 'Cr', 'Cu', 'Fe', 'H', 'Mg', 'Mn', 'Mo', 'N', 'O', 'Rh', 'S', 'Si', 'Ti', 'Zn']
Starting HTTP server on port 8472...
Opening element selector at http://127.0.0.1:8472
Waiting for element selection (server.serve_forever)...
  [GET] /
  [HTTP] "GET / HTTP/1.1" 200 -
  [GET] /elements
  [GET /elements] Found 18 elements: ['Al', 'Au', 'B', 'C', 'Cr', 'Cu', 'Fe', 'H', 'Mg', 'Mn', 'Mo', 'N', 'O', 'Rh', 'S', 'Si', 'Ti', 'Zn']
  [HTTP] "GET /elements HTTP/1.1" 200 -
  [POST] /select
  [POST /select] Raw body: b'{"elements":["Al","Cr","Cu","Fe","Mg","Mn","Mo","Rh","Si","Ti","Zn"]}'
  [POST /select] Stored elements: ['Al', 'Cr', 'Cu', 'Fe', 'Mg', 'Mn', 'Mo', 'Rh', 'Si', 'Ti', 'Zn']
  [HTTP] "POST /select HTTP/1.1" 200 -
  [POST /select] Response sent, scheduling shutdown...
  [SHUTDOWN] Shutting down HTTP server...
serve_forever() returned.
Selected elements: ['Al', 'Cr', 'Cu', 'Fe', 'Mg', 'Mn', 'Mo', 'Rh', 'Si', 'Ti', 'Zn']
  GUI returned: ['Al', 'Cr', 'Cu', 'Fe', 'Mg', 'Mn', 'Mo', 'Rh', 'Si', 'Ti', 'Zn']

Selected elements: ['Al', 'Cr', 'Cu', 'Fe', 'Mg', 'Mn', 'Mo', 'Rh', 'Si', 'Ti', 'Zn']

[Stage 1] DFT Reference Calculations
  dft_results.json path: /home/kenobi/Workspaces/PHYS400/src/NNIP/dft_results.json
  Mode: RUNNING DFT (skip_dft=False)
  [SHUTDOWN] Server stopped.
----------------------------------------
  Scratch directory: /home/kenobi/Workspaces/PHYS400/src/NNIP/dft_scratch
  Calling generate_dft_reference(['Al', 'Cr', 'Cu', 'Fe', 'Mg', 'Mn', 'Mo', 'Rh', 'Si', 'Ti', 'Zn'])...

============================================================
DFT Reference Generator
============================================================
  Requested elements: ['Al', 'Cr', 'Cu', 'Fe', 'Mg', 'Mn', 'Mo', 'Rh', 'Si', 'Ti', 'Zn']
  Output file:        /home/kenobi/Workspaces/PHYS400/src/NNIP/dft_results.json
  Scratch directory:  /home/kenobi/Workspaces/PHYS400/src/NNIP/dft_scratch
  QE binary:          /home/kenobi/Workspaces/qe/bin/pw.x
  Pseudo directory:   /home/kenobi/Workspaces/PHYS400/pseudopotentials
  pw.x found:        YES
  Skipping (no DFT metadata): ['Rh']
  Valid elements:     ['Al', 'Cr', 'Cu', 'Fe', 'Mg', 'Mn', 'Mo', 'Si', 'Ti', 'Zn']

  Planned DFT calculations:
    EOS fits:         10 elements x 7 strains = 70 SCF runs
    Elastic (cubic):  12 SCF runs
    Binary pairs:     45 SCF runs
    TOTAL:            ~127 pw.x invocations
============================================================


────────────────────────────────────────────────────────────
  ELEMENT 1/10: Al
────────────────────────────────────────────────────────────
  [EOS] Starting EOS fit for Al
  [EOS]   lattice type: fcc
  [EOS]   initial guess a = 4.05 A
  [EOS]   pseudopotential: Al.pbe-n-kjpaw_psl.1.0.0.UPF
  [EOS]   magnetic: False
  [EOS]   scratch dir: /home/kenobi/Workspaces/PHYS400/src/NNIP/dft_scratch/Al
  [EOS]   Running 7 SCF calculations (strain 0.96 to 1.04)...
  [EOS]   Point 1/7: strain=0.960, a=3.8880 A, dir=/home/kenobi/Workspaces/PHYS400/src/NNIP/dft_scratch/Al/eos_0
    [QE] Creating calculator in /home/kenobi/Workspaces/PHYS400/src/NNIP/dft_scratch/Al/eos_0
    [QE]   pseudopotentials: {'Al': 'Al.pbe-n-kjpaw_psl.1.0.0.UPF'}
    [QE]   magnetic (nspin=2): False
    [QE]   ecutwfc=40 Ry, ecutrho=320 Ry, kpts=(6,6,6)
    [QE]   pseudo file found: /home/kenobi/Workspaces/PHYS400/pseudopotentials/Al.pbe-n-kjpaw_psl.1.0.0.UPF
    [SCF] Launching pw.x ...
    [SCF] DONE in 2.9s  E=-537.4683 eV  V=14.693 A^3
  [EOS]   Point 2/7: strain=0.973, a=3.9420 A, dir=/home/kenobi/Workspaces/PHYS400/src/NNIP/dft_scratch/Al/eos_1
    [QE] Creating calculator in /home/kenobi/Workspaces/PHYS400/src/NNIP/dft_scratch/Al/eos_1
    [QE]   pseudopotentials: {'Al': 'Al.pbe-n-kjpaw_psl.1.0.0.UPF'}
    [QE]   magnetic (nspin=2): False
    [QE]   ecutwfc=40 Ry, ecutrho=320 Ry, kpts=(6,6,6)
    [QE]   pseudo file found: /home/kenobi/Workspaces/PHYS400/pseudopotentials/Al.pbe-n-kjpaw_psl.1.0.0.UPF
    [SCF] Launching pw.x ...
    [SCF] DONE in 2.8s  E=-537.5056 eV  V=15.314 A^3
  [EOS]   Point 3/7: strain=0.987, a=3.9960 A, dir=/home/kenobi/Workspaces/PHYS400/src/NNIP/dft_scratch/Al/eos_2
    [QE] Creating calculator in /home/kenobi/Workspaces/PHYS400/src/NNIP/dft_scratch/Al/eos_2
    [QE]   pseudopotentials: {'Al': 'Al.pbe-n-kjpaw_psl.1.0.0.UPF'}
    [QE]   magnetic (nspin=2): False
    [QE]   ecutwfc=40 Ry, ecutrho=320 Ry, kpts=(6,6,6)
    [QE]   pseudo file found: /home/kenobi/Workspaces/PHYS400/pseudopotentials/Al.pbe-n-kjpaw_psl.1.0.0.UPF
    [SCF] Launching pw.x ...
    [SCF] DONE in 2.8s  E=-537.5262 eV  V=15.952 A^3
  [EOS]   Point 4/7: strain=1.000, a=4.0500 A, dir=/home/kenobi/Workspaces/PHYS400/src/NNIP/dft_scratch/Al/eos_3
    [QE] Creating calculator in /home/kenobi/Workspaces/PHYS400/src/NNIP/dft_scratch/Al/eos_3
    [QE]   pseudopotentials: {'Al': 'Al.pbe-n-kjpaw_psl.1.0.0.UPF'}
    [QE]   magnetic (nspin=2): False
    [QE]   ecutwfc=40 Ry, ecutrho=320 Ry, kpts=(6,6,6)
    [QE]   pseudo file found: /home/kenobi/Workspaces/PHYS400/pseudopotentials/Al.pbe-n-kjpaw_psl.1.0.0.UPF
    [SCF] Launching pw.x ...
    [SCF] DONE in 2.8s  E=-537.5322 eV  V=16.608 A^3
  [EOS]   Point 5/7: strain=1.013, a=4.1040 A, dir=/home/kenobi/Workspaces/PHYS400/src/NNIP/dft_scratch/Al/eos_4
    [QE] Creating calculator in /home/kenobi/Workspaces/PHYS400/src/NNIP/dft_scratch/Al/eos_4
    [QE]   pseudopotentials: {'Al': 'Al.pbe-n-kjpaw_psl.1.0.0.UPF'}
    [QE]   magnetic (nspin=2): False
    [QE]   ecutwfc=40 Ry, ecutrho=320 Ry, kpts=(6,6,6)
    [QE]   pseudo file found: /home/kenobi/Workspaces/PHYS400/pseudopotentials/Al.pbe-n-kjpaw_psl.1.0.0.UPF
    [SCF] Launching pw.x ...
    [SCF] DONE in 2.9s  E=-537.5253 eV  V=17.281 A^3
  [EOS]   Point 6/7: strain=1.027, a=4.1580 A, dir=/home/kenobi/Workspaces/PHYS400/src/NNIP/dft_scratch/Al/eos_5
    [QE] Creating calculator in /home/kenobi/Workspaces/PHYS400/src/NNIP/dft_scratch/Al/eos_5
    [QE]   pseudopotentials: {'Al': 'Al.pbe-n-kjpaw_psl.1.0.0.UPF'}
    [QE]   magnetic (nspin=2): False
    [QE]   ecutwfc=40 Ry, ecutrho=320 Ry, kpts=(6,6,6)
    [QE]   pseudo file found: /home/kenobi/Workspaces/PHYS400/pseudopotentials/Al.pbe-n-kjpaw_psl.1.0.0.UPF
    [SCF] Launching pw.x ...
    [SCF] DONE in 2.9s  E=-537.5074 eV  V=17.972 A^3
  [EOS]   Point 7/7: strain=1.040, a=4.2120 A, dir=/home/kenobi/Workspaces/PHYS400/src/NNIP/dft_scratch/Al/eos_6
    [QE] Creating calculator in /home/kenobi/Workspaces/PHYS400/src/NNIP/dft_scratch/Al/eos_6
    [QE]   pseudopotentials: {'Al': 'Al.pbe-n-kjpaw_psl.1.0.0.UPF'}
    [QE]   magnetic (nspin=2): False
    [QE]   ecutwfc=40 Ry, ecutrho=320 Ry, kpts=(6,6,6)
    [QE]   pseudo file found: /home/kenobi/Workspaces/PHYS400/pseudopotentials/Al.pbe-n-kjpaw_psl.1.0.0.UPF
    [SCF] Launching pw.x ...
    [SCF] DONE in 2.9s  E=-537.4799 eV  V=18.681 A^3
  [EOS]   All 7 points finished in 19.9s  (7 succeeded)
  [EOS]   Fitting Birch-Murnaghan EOS...
  [EOS]   EOS fit: V0=16.569 A^3, E0=-537.5322 eV, B_raw=0.483300 eV/A^3
  [EOS]   Lattice constant from V0: a0=2.5494 A (n_atoms=4)
  [EOS]   Cohesive energy: E_coh = -E0/4 = 134.3830 eV/atom
  [EOS]   Bulk modulus: B = 77.5 GPa
  [EOS] === Result: a0=2.5494 A, E_coh=134.3830 eV, B=77.5 GPa ===

  Summary for Al EOS (19.9s):
    a0    = 2.5494 A
    E_coh = 134.3830 eV
    B     = 77.5 GPa
  [ELASTIC] Computing C11, C12 for Al (fcc, a0=2.5494 A)
  [ELASTIC] Step 1/2: Baseline stress (unstrained)...
    [QE] Creating calculator in /home/kenobi/Workspaces/PHYS400/src/NNIP/dft_scratch/Al/elastic_base
    [QE]   pseudopotentials: {'Al': 'Al.pbe-n-kjpaw_psl.1.0.0.UPF'}
    [QE]   magnetic (nspin=2): False
    [QE]   ecutwfc=40 Ry, ecutrho=320 Ry, kpts=(6,6,6)
    [QE]   pseudo file found: /home/kenobi/Workspaces/PHYS400/pseudopotentials/Al.pbe-n-kjpaw_psl.1.0.0.UPF
  [ELASTIC]   Baseline stress computed in 2.4s
  [ELASTIC]   sigma0 = [-11.016861, -11.016861, -11.016861, -0.000000, 0.000000, 0.000000] eV/A^3
  [ELASTIC] Step 2/2: Strained stress (delta=0.01)...
    [QE] Creating calculator in /home/kenobi/Workspaces/PHYS400/src/NNIP/dft_scratch/Al/elastic_strain
    [QE]   pseudopotentials: {'Al': 'Al.pbe-n-kjpaw_psl.1.0.0.UPF'}
    [QE]   magnetic (nspin=2): False
    [QE]   ecutwfc=40 Ry, ecutrho=320 Ry, kpts=(6,6,6)
    [QE]   pseudo file found: /home/kenobi/Workspaces/PHYS400/pseudopotentials/Al.pbe-n-kjpaw_psl.1.0.0.UPF
  [ELASTIC]   Strained stress computed in 2.3s
  [ELASTIC]   sigma1 = [-11.016861, -11.016861, -11.016861, -0.000000, 0.000000, 0.000000] eV/A^3
  [ELASTIC]   d_sigma_xx = 0.000000, d_sigma_yy = 0.000000 eV/A^3
  [ELASTIC] === Result: C11=0.0 GPa, C12=0.0 GPa ===
    C11   = 0.0 GPa
    C12   = 0.0 GPa
  Element Al total time: 24.7s
  [SAVE] Intermediate results saved to /home/kenobi/Workspaces/PHYS400/src/NNIP/dft_results.json
  [REF] Stored pure E/atom for Al: -134.3830 eV

────────────────────────────────────────────────────────────
  ELEMENT 2/10: Cr
────────────────────────────────────────────────────────────
  [EOS] Starting EOS fit for Cr
  [EOS]   lattice type: bcc
  [EOS]   initial guess a = 2.91 A
  [EOS]   pseudopotential: Cr.pbe-spn-kjpaw_psl.1.0.0.UPF
  [EOS]   magnetic: True
  [EOS]   scratch dir: /home/kenobi/Workspaces/PHYS400/src/NNIP/dft_scratch/Cr
  [EOS]   Running 7 SCF calculations (strain 0.96 to 1.04)...
  [EOS]   Point 1/7: strain=0.960, a=2.7936 A, dir=/home/kenobi/Workspaces/PHYS400/src/NNIP/dft_scratch/Cr/eos_0
    [QE] Creating calculator in /home/kenobi/Workspaces/PHYS400/src/NNIP/dft_scratch/Cr/eos_0
    [QE]   pseudopotentials: {'Cr': 'Cr.pbe-spn-kjpaw_psl.1.0.0.UPF'}
    [QE]   magnetic (nspin=2): True
    [QE]   ecutwfc=40 Ry, ecutrho=320 Ry, kpts=(6,6,6)
    [QE]   pseudo file found: /home/kenobi/Workspaces/PHYS400/pseudopotentials/Cr.pbe-spn-kjpaw_psl.1.0.0.UPF
    [SCF] Launching pw.x ...
    [SCF] DONE in 6.4s  E=-3376.9247 eV  V=10.901 A^3
  [EOS]   Point 2/7: strain=0.973, a=2.8324 A, dir=/home/kenobi/Workspaces/PHYS400/src/NNIP/dft_scratch/Cr/eos_1
    [QE] Creating calculator in /home/kenobi/Workspaces/PHYS400/src/NNIP/dft_scratch/Cr/eos_1
    [QE]   pseudopotentials: {'Cr': 'Cr.pbe-spn-kjpaw_psl.1.0.0.UPF'}
    [QE]   magnetic (nspin=2): True
    [QE]   ecutwfc=40 Ry, ecutrho=320 Ry, kpts=(6,6,6)
    [QE]   pseudo file found: /home/kenobi/Workspaces/PHYS400/pseudopotentials/Cr.pbe-spn-kjpaw_psl.1.0.0.UPF
    [SCF] Launching pw.x ...
    [SCF] DONE in 6.5s  E=-3376.9473 eV  V=11.361 A^3
  [EOS]   Point 3/7: strain=0.987, a=2.8712 A, dir=/home/kenobi/Workspaces/PHYS400/src/NNIP/dft_scratch/Cr/eos_2
    [QE] Creating calculator in /home/kenobi/Workspaces/PHYS400/src/NNIP/dft_scratch/Cr/eos_2
    [QE]   pseudopotentials: {'Cr': 'Cr.pbe-spn-kjpaw_psl.1.0.0.UPF'}
    [QE]   magnetic (nspin=2): True
    [QE]   ecutwfc=40 Ry, ecutrho=320 Ry, kpts=(6,6,6)
    [QE]   pseudo file found: /home/kenobi/Workspaces/PHYS400/pseudopotentials/Cr.pbe-spn-kjpaw_psl.1.0.0.UPF
    [SCF] Launching pw.x ...
    [SCF] DONE in 6.9s  E=-3376.9448 eV  V=11.835 A^3
  [EOS]   Point 4/7: strain=1.000, a=2.9100 A, dir=/home/kenobi/Workspaces/PHYS400/src/NNIP/dft_scratch/Cr/eos_3
    [QE] Creating calculator in /home/kenobi/Workspaces/PHYS400/src/NNIP/dft_scratch/Cr/eos_3
    [QE]   pseudopotentials: {'Cr': 'Cr.pbe-spn-kjpaw_psl.1.0.0.UPF'}
    [QE]   magnetic (nspin=2): True
    [QE]   ecutwfc=40 Ry, ecutrho=320 Ry, kpts=(6,6,6)
    [QE]   pseudo file found: /home/kenobi/Workspaces/PHYS400/pseudopotentials/Cr.pbe-spn-kjpaw_psl.1.0.0.UPF
    [SCF] Launching pw.x ...
    [SCF] DONE in 7.1s  E=-3376.9168 eV  V=12.321 A^3
  [EOS]   Point 5/7: strain=1.013, a=2.9488 A, dir=/home/kenobi/Workspaces/PHYS400/src/NNIP/dft_scratch/Cr/eos_4
    [QE] Creating calculator in /home/kenobi/Workspaces/PHYS400/src/NNIP/dft_scratch/Cr/eos_4
    [QE]   pseudopotentials: {'Cr': 'Cr.pbe-spn-kjpaw_psl.1.0.0.UPF'}
    [QE]   magnetic (nspin=2): True
    [QE]   ecutwfc=40 Ry, ecutrho=320 Ry, kpts=(6,6,6)
    [QE]   pseudo file found: /home/kenobi/Workspaces/PHYS400/pseudopotentials/Cr.pbe-spn-kjpaw_psl.1.0.0.UPF
    [SCF] Launching pw.x ...
    [SCF] DONE in 6.2s  E=-3376.8640 eV  V=12.821 A^3
  [EOS]   Point 6/7: strain=1.027, a=2.9876 A, dir=/home/kenobi/Workspaces/PHYS400/src/NNIP/dft_scratch/Cr/eos_5
    [QE] Creating calculator in /home/kenobi/Workspaces/PHYS400/src/NNIP/dft_scratch/Cr/eos_5
    [QE]   pseudopotentials: {'Cr': 'Cr.pbe-spn-kjpaw_psl.1.0.0.UPF'}
    [QE]   magnetic (nspin=2): True
    [QE]   ecutwfc=40 Ry, ecutrho=320 Ry, kpts=(6,6,6)
    [QE]   pseudo file found: /home/kenobi/Workspaces/PHYS400/pseudopotentials/Cr.pbe-spn-kjpaw_psl.1.0.0.UPF
    [SCF] Launching pw.x ...
    [SCF] DONE in 6.0s  E=-3376.7863 eV  V=13.333 A^3
  [EOS]   Point 7/7: strain=1.040, a=3.0264 A, dir=/home/kenobi/Workspaces/PHYS400/src/NNIP/dft_scratch/Cr/eos_6
    [QE] Creating calculator in /home/kenobi/Workspaces/PHYS400/src/NNIP/dft_scratch/Cr/eos_6
    [QE]   pseudopotentials: {'Cr': 'Cr.pbe-spn-kjpaw_psl.1.0.0.UPF'}
    [QE]   magnetic (nspin=2): True
    [QE]   ecutwfc=40 Ry, ecutrho=320 Ry, kpts=(6,6,6)
    [QE]   pseudo file found: /home/kenobi/Workspaces/PHYS400/pseudopotentials/Cr.pbe-spn-kjpaw_psl.1.0.0.UPF
    [SCF] Launching pw.x ...
    [SCF] DONE in 6.3s  E=-3376.6843 eV  V=13.860 A^3
  [EOS]   All 7 points finished in 45.4s  (7 succeeded)
  [EOS]   Fitting Birch-Murnaghan EOS...
  [EOS]   EOS fit: V0=11.551 A^3, E0=-3376.9493 eV, B_raw=1.306834 eV/A^3
  [EOS]   Lattice constant from V0: a0=2.8480 A (n_atoms=2)
  [EOS]   Cohesive energy: E_coh = -E0/2 = 1688.4746 eV/atom
  [EOS]   Bulk modulus: B = 209.4 GPa
  [EOS] === Result: a0=2.8480 A, E_coh=1688.4746 eV, B=209.4 GPa ===

  Summary for Cr EOS (45.5s):
    a0    = 2.8480 A
    E_coh = 1688.4746 eV
    B     = 209.4 GPa
  [ELASTIC] Computing C11, C12 for Cr (bcc, a0=2.8480 A)
  [ELASTIC] Step 1/2: Baseline stress (unstrained)...
    [QE] Creating calculator in /home/kenobi/Workspaces/PHYS400/src/NNIP/dft_scratch/Cr/elastic_base
    [QE]   pseudopotentials: {'Cr': 'Cr.pbe-spn-kjpaw_psl.1.0.0.UPF'}
    [QE]   magnetic (nspin=2): True
    [QE]   ecutwfc=40 Ry, ecutrho=320 Ry, kpts=(6,6,6)
    [QE]   pseudo file found: /home/kenobi/Workspaces/PHYS400/pseudopotentials/Cr.pbe-spn-kjpaw_psl.1.0.0.UPF
  [ELASTIC]   Baseline stress computed in 6.6s
  [ELASTIC]   sigma0 = [0.198306, 0.198306, 0.198306, -0.000000, -0.000000, -0.000000] eV/A^3
  [ELASTIC] Step 2/2: Strained stress (delta=0.01)...
    [QE] Creating calculator in /home/kenobi/Workspaces/PHYS400/src/NNIP/dft_scratch/Cr/elastic_strain
    [QE]   pseudopotentials: {'Cr': 'Cr.pbe-spn-kjpaw_psl.1.0.0.UPF'}
    [QE]   magnetic (nspin=2): True
    [QE]   ecutwfc=40 Ry, ecutrho=320 Ry, kpts=(6,6,6)
    [QE]   pseudo file found: /home/kenobi/Workspaces/PHYS400/pseudopotentials/Cr.pbe-spn-kjpaw_psl.1.0.0.UPF
  [ELASTIC]   Strained stress computed in 13.7s
  [ELASTIC]   sigma1 = [0.206732, 0.207920, 0.207920, -0.000138, -0.003876, -0.003876] eV/A^3
  [ELASTIC]   d_sigma_xx = 0.008426, d_sigma_yy = 0.009614 eV/A^3
  [ELASTIC] === Result: C11=135.0 GPa, C12=154.1 GPa ===
    C11   = 135.0 GPa
    C12   = 154.1 GPa
  Element Cr total time: 65.7s
  [SAVE] Intermediate results saved to /home/kenobi/Workspaces/PHYS400/src/NNIP/dft_results.json
  [REF] Stored pure E/atom for Cr: -1688.4746 eV

────────────────────────────────────────────────────────────
  ELEMENT 3/10: Cu
────────────────────────────────────────────────────────────
  [EOS] Starting EOS fit for Cu
  [EOS]   lattice type: fcc
  [EOS]   initial guess a = 3.61 A
  [EOS]   pseudopotential: Cu.pbe-dn-kjpaw_psl.1.0.0.UPF
  [EOS]   magnetic: False
  [EOS]   scratch dir: /home/kenobi/Workspaces/PHYS400/src/NNIP/dft_scratch/Cu
  [EOS]   Running 7 SCF calculations (strain 0.96 to 1.04)...
  [EOS]   Point 1/7: strain=0.960, a=3.4656 A, dir=/home/kenobi/Workspaces/PHYS400/src/NNIP/dft_scratch/Cu/eos_0
    [QE] Creating calculator in /home/kenobi/Workspaces/PHYS400/src/NNIP/dft_scratch/Cu/eos_0
    [QE]   pseudopotentials: {'Cu': 'Cu.pbe-dn-kjpaw_psl.1.0.0.UPF'}
    [QE]   magnetic (nspin=2): False
    [QE]   ecutwfc=40 Ry, ecutrho=320 Ry, kpts=(6,6,6)
    [QE]   pseudo file found: /home/kenobi/Workspaces/PHYS400/pseudopotentials/Cu.pbe-dn-kjpaw_psl.1.0.0.UPF
    [SCF] Launching pw.x ...
    [SCF] DONE in 3.4s  E=-2899.0833 eV  V=10.406 A^3
  [EOS]   Point 2/7: strain=0.973, a=3.5137 A, dir=/home/kenobi/Workspaces/PHYS400/src/NNIP/dft_scratch/Cu/eos_1
    [QE] Creating calculator in /home/kenobi/Workspaces/PHYS400/src/NNIP/dft_scratch/Cu/eos_1
    [QE]   pseudopotentials: {'Cu': 'Cu.pbe-dn-kjpaw_psl.1.0.0.UPF'}
    [QE]   magnetic (nspin=2): False
    [QE]   ecutwfc=40 Ry, ecutrho=320 Ry, kpts=(6,6,6)
    [QE]   pseudo file found: /home/kenobi/Workspaces/PHYS400/pseudopotentials/Cu.pbe-dn-kjpaw_psl.1.0.0.UPF
    [SCF] Launching pw.x ...
    [SCF] DONE in 3.7s  E=-2899.1497 eV  V=10.845 A^3
  [EOS]   Point 3/7: strain=0.987, a=3.5619 A, dir=/home/kenobi/Workspaces/PHYS400/src/NNIP/dft_scratch/Cu/eos_2
    [QE] Creating calculator in /home/kenobi/Workspaces/PHYS400/src/NNIP/dft_scratch/Cu/eos_2
    [QE]   pseudopotentials: {'Cu': 'Cu.pbe-dn-kjpaw_psl.1.0.0.UPF'}
    [QE]   magnetic (nspin=2): False
    [QE]   ecutwfc=40 Ry, ecutrho=320 Ry, kpts=(6,6,6)
    [QE]   pseudo file found: /home/kenobi/Workspaces/PHYS400/pseudopotentials/Cu.pbe-dn-kjpaw_psl.1.0.0.UPF
    [SCF] Launching pw.x ...
    [SCF] DONE in 3.7s  E=-2899.1911 eV  V=11.297 A^3
  [EOS]   Point 4/7: strain=1.000, a=3.6100 A, dir=/home/kenobi/Workspaces/PHYS400/src/NNIP/dft_scratch/Cu/eos_3
    [QE] Creating calculator in /home/kenobi/Workspaces/PHYS400/src/NNIP/dft_scratch/Cu/eos_3
    [QE]   pseudopotentials: {'Cu': 'Cu.pbe-dn-kjpaw_psl.1.0.0.UPF'}
    [QE]   magnetic (nspin=2): False
    [QE]   ecutwfc=40 Ry, ecutrho=320 Ry, kpts=(6,6,6)
    [QE]   pseudo file found: /home/kenobi/Workspaces/PHYS400/pseudopotentials/Cu.pbe-dn-kjpaw_psl.1.0.0.UPF
    [SCF] Launching pw.x ...
    [SCF] DONE in 3.7s  E=-2899.2111 eV  V=11.761 A^3
  [EOS]   Point 5/7: strain=1.013, a=3.6581 A, dir=/home/kenobi/Workspaces/PHYS400/src/NNIP/dft_scratch/Cu/eos_4
    [QE] Creating calculator in /home/kenobi/Workspaces/PHYS400/src/NNIP/dft_scratch/Cu/eos_4
    [QE]   pseudopotentials: {'Cu': 'Cu.pbe-dn-kjpaw_psl.1.0.0.UPF'}
    [QE]   magnetic (nspin=2): False
    [QE]   ecutwfc=40 Ry, ecutrho=320 Ry, kpts=(6,6,6)
    [QE]   pseudo file found: /home/kenobi/Workspaces/PHYS400/pseudopotentials/Cu.pbe-dn-kjpaw_psl.1.0.0.UPF
    [SCF] Launching pw.x ...
